<testsuites id="" name="" tests="6" failures="2" skipped="0" errors="0" time="17.175508">
<testsuite name="api\users-negative.spec.ts" timestamp="2026-04-29T16:03:43.932Z" hostname="chromium" tests="2" failures="1" skipped="0" time="5.7" errors="0">
<testcase name="User API - Negative Scenarios › Unauthorized request" classname="api\users-negative.spec.ts" time="3.497">
<system-out>
<![CDATA[
[[ATTACHMENT|..\test-results\api-users-negative-User-AP-93977-narios-Unauthorized-request-chromium\error-context.md]]

[[ATTACHMENT|..\test-results\api-users-negative-User-AP-93977-narios-Unauthorized-request-chromium\trace.zip]]

[[ATTACHMENT|..\test-results\api-users-negative-User-AP-93977-narios-Unauthorized-request-chromium-retry1\error-context.md]]

[[ATTACHMENT|..\test-results\api-users-negative-User-AP-93977-narios-Unauthorized-request-chromium-retry1\trace.zip]]
]]>
</system-out>
<failure message="expect(received).toBe(expected) // Object.is equality" type="expect.toBe">
<![CDATA[  [chromium] › api\users-negative.spec.ts:5:7 › User API - Negative Scenarios › Unauthorized request 

    Error: expect(received).toBe(expected) // Object.is equality

    Expected: 401
    Received: 200

       6 |     const res = await request.get('https://dotesthere.com/api/users');
       7 |
    >  8 |     expect(res.status()).toBe(401); // or 403 depending on API
         |                          ^
       9 |   });
      10 |
      11 |   test('Invalid payload', async ({ userService }) => {
        at C:\Users\sowmy\VSProjects\automation-framework\tests\api\users-negative.spec.ts:8:26

    Error Context: ..\test-results\api-users-negative-User-AP-93977-narios-Unauthorized-request-chromium\error-context.md

    attachment #2: trace (application/zip) ─────────────────────────────────────────────────────────
    ..\test-results\api-users-negative-User-AP-93977-narios-Unauthorized-request-chromium\trace.zip
    Usage:

        npx playwright show-trace ..\test-results\api-users-negative-User-AP-93977-narios-Unauthorized-request-chromium\trace.zip

    ────────────────────────────────────────────────────────────────────────────────────────────────

    Retry #1 ───────────────────────────────────────────────────────────────────────────────────────

    Error: expect(received).toBe(expected) // Object.is equality

    Expected: 401
    Received: 200

       6 |     const res = await request.get('https://dotesthere.com/api/users');
       7 |
    >  8 |     expect(res.status()).toBe(401); // or 403 depending on API
         |                          ^
       9 |   });
      10 |
      11 |   test('Invalid payload', async ({ userService }) => {
        at C:\Users\sowmy\VSProjects\automation-framework\tests\api\users-negative.spec.ts:8:26

    Error Context: ..\test-results\api-users-negative-User-AP-93977-narios-Unauthorized-request-chromium-retry1\error-context.md

    attachment #2: trace (application/zip) ─────────────────────────────────────────────────────────
    ..\test-results\api-users-negative-User-AP-93977-narios-Unauthorized-request-chromium-retry1\trace.zip
    Usage:

        npx playwright show-trace ..\test-results\api-users-negative-User-AP-93977-narios-Unauthorized-request-chromium-retry1\trace.zip

    ────────────────────────────────────────────────────────────────────────────────────────────────
]]>
</failure>
</testcase>
<testcase name="User API - Negative Scenarios › Invalid payload" classname="api\users-negative.spec.ts" time="2.203">
<system-out>
<![CDATA[{"type":"api_log","timestamp":"2026-04-29T16:03:48.074Z","method":"POST","url":"https://dotesthere.com/api/users","status":400,"duration":2153,"body":{"error":"email and first_name are required"}}
]]>
</system-out>
</testcase>
</testsuite>
<testsuite name="api\users.spec.ts" timestamp="2026-04-29T16:03:43.932Z" hostname="chromium" tests="1" failures="0" skipped="0" time="2.451" errors="0">
<testcase name="User API - Complete Coverage › GET users - contract + business validation" classname="api\users.spec.ts" time="2.451">
<system-out>
<![CDATA[{"type":"api_log","timestamp":"2026-04-29T16:03:48.285Z","method":"GET","url":"https://dotesthere.com/api/users","status":200,"duration":2404,"body":{"page":1,"per_page":10,"total":2,"total_pages":1,"data":[{"id":1,"email":"ankur.automation@dotesthere.com","first_name":"Ankur","last_name":"Autoamtion","avatar":"https://dotesthere.com/img/faces/1-image.jpg"},{"id":2,"email":"janet.weaver@dotesthere.com","first_name":"Janet","last_name":"Weaver","avatar":"https://dotesthere.com/img/faces/2-image.jpg"}]}}
]]>
</system-out>
</testcase>
</testsuite>
<testsuite name="data\data_validation.spec.ts" timestamp="2026-04-29T16:03:43.932Z" hostname="chromium" tests="1" failures="0" skipped="0" time="10.93" errors="0">
<testcase name="API data validation with Pandas" classname="data\data_validation.spec.ts" time="10.93">
</testcase>
</testsuite>
<testsuite name="integration\ui-api.spec.ts" timestamp="2026-04-29T16:03:43.932Z" hostname="chromium" tests="1" failures="1" skipped="0" time="7.008" errors="0">
<testcase name="API + UI consistency" classname="integration\ui-api.spec.ts" time="7.008">
<system-out>
<![CDATA[{"type":"api_log","timestamp":"2026-04-29T16:03:52.172Z","method":"GET","url":"https://dotesthere.com/api/users","status":200,"duration":326,"body":{"page":1,"per_page":10,"total":2,"total_pages":1,"data":[{"id":1,"email":"ankur.automation@dotesthere.com","first_name":"Ankur","last_name":"Autoamtion","avatar":"https://dotesthere.com/img/faces/1-image.jpg"},{"id":2,"email":"janet.weaver@dotesthere.com","first_name":"Janet","last_name":"Weaver","avatar":"https://dotesthere.com/img/faces/2-image.jpg"}]}}

[[ATTACHMENT|..\test-results\integration-ui-api-API-UI-consistency-chromium\test-failed-1.png]]

[[ATTACHMENT|..\test-results\integration-ui-api-API-UI-consistency-chromium\error-context.md]]

[[ATTACHMENT|..\test-results\integration-ui-api-API-UI-consistency-chromium\trace.zip]]
{"type":"api_log","timestamp":"2026-04-29T16:03:59.454Z","method":"GET","url":"https://dotesthere.com/api/users","status":200,"duration":490,"body":{"page":1,"per_page":10,"total":2,"total_pages":1,"data":[{"id":1,"email":"ankur.automation@dotesthere.com","first_name":"Ankur","last_name":"Autoamtion","avatar":"https://dotesthere.com/img/faces/1-image.jpg"},{"id":2,"email":"janet.weaver@dotesthere.com","first_name":"Janet","last_name":"Weaver","avatar":"https://dotesthere.com/img/faces/2-image.jpg"}]}}

[[ATTACHMENT|..\test-results\integration-ui-api-API-UI-consistency-chromium-retry1\test-failed-1.png]]

[[ATTACHMENT|..\test-results\integration-ui-api-API-UI-consistency-chromium-retry1\video.webm]]

[[ATTACHMENT|..\test-results\integration-ui-api-API-UI-consistency-chromium-retry1\error-context.md]]

[[ATTACHMENT|..\test-results\integration-ui-api-API-UI-consistency-chromium-retry1\trace.zip]]
]]>
</system-out>
<failure message="expect(received).toBeGreaterThan(expected)" type="expect.toBeGreaterThan">
<![CDATA[  [chromium] › integration\ui-api.spec.ts:3:5 › API + UI consistency ───────────────────────────────

    Error: expect(received).toBeGreaterThan(expected)

    Expected: > 0
    Received:   0

       9 |   const uiItems = await page.locator('.inventory_item').count();
      10 |
    > 11 |   expect(uiItems).toBeGreaterThan(0);
         |                   ^
      12 |   expect(apiBody.data.length).toBeGreaterThan(0);
      13 | });
        at C:\Users\sowmy\VSProjects\automation-framework\tests\integration\ui-api.spec.ts:11:19

    attachment #1: screenshot (image/png) ──────────────────────────────────────────────────────────
    ..\test-results\integration-ui-api-API-UI-consistency-chromium\test-failed-1.png
    ────────────────────────────────────────────────────────────────────────────────────────────────

    Error Context: ..\test-results\integration-ui-api-API-UI-consistency-chromium\error-context.md

    attachment #3: trace (application/zip) ─────────────────────────────────────────────────────────
    ..\test-results\integration-ui-api-API-UI-consistency-chromium\trace.zip
    Usage:

        npx playwright show-trace ..\test-results\integration-ui-api-API-UI-consistency-chromium\trace.zip

    ────────────────────────────────────────────────────────────────────────────────────────────────

    Retry #1 ───────────────────────────────────────────────────────────────────────────────────────

    Error: expect(received).toBeGreaterThan(expected)

    Expected: > 0
    Received:   0

       9 |   const uiItems = await page.locator('.inventory_item').count();
      10 |
    > 11 |   expect(uiItems).toBeGreaterThan(0);
         |                   ^
      12 |   expect(apiBody.data.length).toBeGreaterThan(0);
      13 | });
        at C:\Users\sowmy\VSProjects\automation-framework\tests\integration\ui-api.spec.ts:11:19

    attachment #1: screenshot (image/png) ──────────────────────────────────────────────────────────
    ..\test-results\integration-ui-api-API-UI-consistency-chromium-retry1\test-failed-1.png
    ────────────────────────────────────────────────────────────────────────────────────────────────

    attachment #2: video (video/webm) ──────────────────────────────────────────────────────────────
    ..\test-results\integration-ui-api-API-UI-consistency-chromium-retry1\video.webm
    ────────────────────────────────────────────────────────────────────────────────────────────────

    Error Context: ..\test-results\integration-ui-api-API-UI-consistency-chromium-retry1\error-context.md

    attachment #4: trace (application/zip) ─────────────────────────────────────────────────────────
    ..\test-results\integration-ui-api-API-UI-consistency-chromium-retry1\trace.zip
    Usage:

        npx playwright show-trace ..\test-results\integration-ui-api-API-UI-consistency-chromium-retry1\trace.zip

    ────────────────────────────────────────────────────────────────────────────────────────────────
]]>
</failure>
</testcase>
</testsuite>
<testsuite name="ui\purchase.spec.ts" timestamp="2026-04-29T16:03:43.932Z" hostname="chromium" tests="1" failures="0" skipped="0" time="5.248" errors="0">
<testcase name="E-Commerce Core Flows › User can complete E2E Purchase Flow with static account" classname="ui\purchase.spec.ts" time="5.248">
</testcase>
</testsuite>
</testsuites>