<testsuites id="" name="" tests="4" failures="0" skipped="0" errors="0" time="4.71651">
<testsuite name="api\users-negative.spec.ts" timestamp="2026-04-21T04:43:41.209Z" hostname="chromium" tests="1" failures="0" skipped="0" time="0.716" errors="0">
<testcase name="User API - Negative Scenarios › Invalid payload" classname="api\users-negative.spec.ts" time="0.716">
<system-out>
<![CDATA[{"type":"api_log","timestamp":"2026-04-21T04:43:42.728Z","method":"POST","url":"https://dotesthere.com/api/users","status":400,"duration":699,"body":{"error":"email and first_name are required"}}
]]>
</system-out>
</testcase>
</testsuite>
<testsuite name="api\users.spec.ts" timestamp="2026-04-21T04:43:41.209Z" hostname="chromium" tests="1" failures="0" skipped="0" time="0.766" errors="0">
<testcase name="User API - Complete Coverage › GET users - contract + business validation" classname="api\users.spec.ts" time="0.766">
<system-out>
<![CDATA[{"type":"api_log","timestamp":"2026-04-21T04:43:42.764Z","method":"GET","url":"https://dotesthere.com/api/users","status":200,"duration":749,"body":{"page":1,"per_page":10,"total":2,"total_pages":1,"data":[{"id":1,"email":"ankur.automation@dotesthere.com","first_name":"Ankur","last_name":"Autoamtion","avatar":"https://dotesthere.com/img/faces/1-image.jpg"},{"id":2,"email":"janet.weaver@dotesthere.com","first_name":"Janet","last_name":"Weaver","avatar":"https://dotesthere.com/img/faces/2-image.jpg"}]}}
]]>
</system-out>
</testcase>
</testsuite>
<testsuite name="data\data_validation.spec.ts" timestamp="2026-04-21T04:43:41.209Z" hostname="chromium" tests="1" failures="0" skipped="0" time="1.736" errors="0">
<testcase name="API data validation with Pandas" classname="data\data_validation.spec.ts" time="1.736">
</testcase>
</testsuite>
<testsuite name="ui\purchase.spec.ts" timestamp="2026-04-21T04:43:41.209Z" hostname="chromium" tests="1" failures="0" skipped="0" time="3.69" errors="0">
<testcase name="E-Commerce Core Flows › User can complete E2E Purchase Flow with static account" classname="ui\purchase.spec.ts" time="3.69">
</testcase>
</testsuite>
</testsuites>